# JRE version: OpenJDK Runtime Environment (10.0.2+13) (build 10.0.2+13-Debian-1)
# Java VM: OpenJDK 64-Bit Server VM (10.0.2+13-Debian-1, mixed mode, tiered, compressed oops, g1 gc, linux-amd64)
Heap:
 garbage-first heap   total 565248K, used 122021K [0x00000000c0000000, 0x0000000100000000)
  region size 1024K, 4 young (4096K), 4 survivors (4096K)
 Metaspace       used 101309K, capacity 103577K, committed 104144K, reserved 1140736K
  class space    used 11360K, capacity 12207K, committed 12240K, reserved 1048576K
GC Heap History (10 events):
Event: 343.373 GC heap after
{Heap after GC invocations=184 (full 0):
 garbage-first heap   total 242688K, used 119224K [0x00000000c0000000, 0x0000000100000000)
  region size 1024K, 2 young (2048K), 2 survivors (2048K)
 Metaspace       used 101248K, capacity 103510K, committed 104144K, reserved 1140736K
  class space    used 11359K, capacity 12207K, committed 12240K, reserved 1048576K
}
Event: 343.497 GC heap before
{Heap before GC invocations=184 (full 0):
 garbage-first heap   total 242688K, used 128440K [0x00000000c0000000, 0x0000000100000000)
  region size 1024K, 11 young (11264K), 2 survivors (2048K)
 Metaspace       used 101251K, capacity 103511K, committed 104144K, reserved 1140736K
  class space    used 11359K, capacity 12207K, committed 12240K, reserved 1048576K
}
Event: 343.511 GC heap after
{Heap after GC invocations=185 (full 0):
 garbage-first heap   total 242688K, used 119363K [0x00000000c0000000, 0x0000000100000000)
  region size 1024K, 1 young (1024K), 1 survivors (1024K)
 Metaspace       used 101251K, capacity 103511K, committed 104144K, reserved 1140736K
  class space    used 11359K, capacity 12207K, committed 12240K, reserved 1048576K
}
Event: 343.739 GC heap before
{Heap before GC invocations=185 (full 0):
 garbage-first heap   total 242688K, used 129603K [0x00000000c0000000, 0x0000000100000000)
  region size 1024K, 11 young (11264K), 1 survivors (1024K)
 Metaspace       used 101257K, capacity 103512K, committed 104144K, reserved 1140736K
  class space    used 11359K, capacity 12207K, committed 12240K, reserved 1048576K
}
Event: 343.764 GC heap after
{Heap after GC invocations=186 (full 0):
 garbage-first heap   total 242688K, used 119710K [0x00000000c0000000, 0x0000000100000000)
  region size 1024K, 2 young (2048K), 2 survivors (2048K)
 Metaspace       used 101257K, capacity 103512K, committed 104144K, reserved 1140736K
  class space    used 11359K, capacity 12207K, committed 12240K, reserved 1048576K
}
Event: 343.995 GC heap before
{Heap before GC invocations=186 (full 0):
 garbage-first heap   total 242688K, used 135070K [0x00000000c0000000, 0x0000000100000000)
  region size 1024K, 17 young (17408K), 2 survivors (2048K)
 Metaspace       used 101266K, capacity 103576K, committed 104144K, reserved 1140736K
  class space    used 11359K, capacity 12207K, committed 12240K, reserved 1048576K
}
Event: 344.015 GC heap after
{Heap after GC invocations=187 (full 0):
 garbage-first heap   total 242688K, used 120236K [0x00000000c0000000, 0x0000000100000000)
  region size 1024K, 2 young (2048K), 2 survivors (2048K)
 Metaspace       used 101266K, capacity 103576K, committed 104144K, reserved 1140736K
  class space    used 11359K, capacity 12207K, committed 12240K, reserved 1048576K
}
Event: 344.399 GC heap before
{Heap before GC invocations=187 (full 0):
 garbage-first heap   total 242688K, used 146860K [0x00000000c0000000, 0x0000000100000000)
  region size 1024K, 28 young (28672K), 2 survivors (2048K)
 Metaspace       used 101272K, capacity 103576K, committed 104144K, reserved 1140736K
  class space    used 11359K, capacity 12207K, committed 12240K, reserved 1048576K
}
Event: 344.433 GC heap after
{Heap after GC invocations=188 (full 0):
 garbage-first heap   total 242688K, used 121035K [0x00000000c0000000, 0x0000000100000000)
  region size 1024K, 3 young (3072K), 3 survivors (3072K)
 Metaspace       used 101272K, capacity 103576K, committed 104144K, reserved 1140736K
  class space    used 11359K, capacity 12207K, committed 12240K, reserved 1048576K
}
Event: 345.062 GC heap before
{Heap before GC invocations=188 (full 0):
 garbage-first heap   total 242688K, used 159947K [0x00000000c0000000, 0x0000000100000000)
  region size 1024K, 41 young (41984K), 3 survivors (3072K)
 Metaspace       used 101309K, capacity 103577K, committed 104144K, reserved 1140736K
  class space    used 11360K, capacity 12207K, committed 12240K, reserved 1048576K
}

